This file contains any messages produced by compilers while
running configure, to aid debugging if configure makes a mistake.

It was created by curl configure -, which was
generated by GNU Autoconf 2.69.  Invocation command line was

  $ ./configure --prefix=/home/viki/curl-for-owa3x/ --target=/opt/crosstool/arm-none-linux-gnueabi/bin/arm-none-linux-gnueabi --host=/opt/crosstool/arm-none-linux-gnueabi/bin/arm-none-linux-gnueabi --build=i586-pc-linux-gnu --enable-threaded-resolver --with-ca-fallback --disable-gopher --without-winssl --without-darwinssl --disable-manual

## --------- ##
## Platform. ##
## --------- ##

hostname = viki-ThinkPad-T420s
uname -m = x86_64
uname -r = 4.10.0-38-generic
uname -s = Linux
uname -v = #42~16.04.1-Ubuntu SMP Tue Oct 10 16:32:20 UTC 2017

/usr/bin/uname -p = unknown
/bin/uname -X     = unknown

/bin/arch              = unknown
/usr/bin/arch -k       = unknown
/usr/convex/getsysinfo = unknown
/usr/bin/hostinfo      = unknown
/bin/machine           = unknown
/usr/bin/oslevel       = unknown
/bin/universe          = unknown

PATH: /home/viki/bin
PATH: /home/viki/.local/bin
PATH: /home/viki/bin
PATH: /home/viki/.local/bin
PATH: /usr/local/sbin
PATH: /usr/local/bin
PATH: /usr/sbin
PATH: /usr/bin
PATH: /sbin
PATH: /bin
PATH: /usr/games
PATH: /usr/local/games
PATH: /opt/crosstool/arm-none-linux-gnueabi/bin
PATH: /opt/crosstool/arm-none-linux-gnueabi/bin
PATH: /opt/crosstool/arm-none-linux-gnueabi/bin
PATH: /opt/crosstool/arm-none-linux-gnueabi/bin
PATH: /opt/crosstool/arm-none-linux-gnueabi/bin
PATH: /opt/crosstool/arm-none-linux-gnueabi/bin
PATH: /opt/crosstool/arm-none-linux-gnueabi/bin


## ----------- ##
## Core tests. ##
## ----------- ##

configure:3004: checking whether to enable maintainer-specific portions of Makefiles
configure:3013: result: no
configure:3037: checking whether make supports nested variables
configure:3054: result: yes
configure:3067: checking whether to enable debug build options
configure:3089: result: no
configure:3093: checking whether to enable compiler optimizer
configure:3114: result: (assumed) yes
configure:3126: checking whether to enable strict compiler warnings
configure:3145: result: no
configure:3149: checking whether to enable compiler warnings as errors
configure:3168: result: no
configure:3172: checking whether to enable curl debug memory tracking
configure:3194: result: no
configure:3211: checking whether to enable hiding of library internal symbols
configure:3232: result: yes
configure:3243: checking whether to enable c-ares for DNS lookups
configure:3265: result: no
configure:3269: checking whether to disable dependency on -lrt
configure:3285: result: (assumed no)
configure:3314: checking for path separator
configure:3316: result: :
configure:3347: checking for sed
configure:3366: found /bin/sed
configure:3379: result: /bin/sed
configure:3396: checking for grep
configure:3415: found /bin/grep
configure:3428: result: /bin/grep
configure:3444: checking for egrep
configure:3447: result: /bin/grep -E
configure:3826: checking for a BSD-compatible install
configure:3894: result: /usr/bin/install -c
configure:3916: checking for /opt/crosstool/arm-none-linux-gnueabi/bin/arm-none-linux-gnueabi-gcc
configure:3943: result: /opt/crosstool/arm-none-linux-gnueabi/bin/arm-none-linux-gnueabi-gcc
configure:4212: checking for C compiler version
configure:4221: /opt/crosstool/arm-none-linux-gnueabi/bin/arm-none-linux-gnueabi-gcc --version >&5
arm-none-linux-gnueabi-gcc (Sourcery G++ Lite 2010q1-202) 4.4.1
Copyright (C) 2009 Free Software Foundation, Inc.
This is free software; see the source for copying conditions.  There is NO
warranty; not even for MERCHANTABILITY or FITNESS FOR A PARTICULAR PURPOSE.

configure:4232: $? = 0
configure:4221: /opt/crosstool/arm-none-linux-gnueabi/bin/arm-none-linux-gnueabi-gcc -v >&5
Using built-in specs.
Target: arm-none-linux-gnueabi
Configured with: /scratch/julian/2010q1-release-linux-lite/src/gcc-4.4-2010q1/configure --build=i686-pc-linux-gnu --host=i686-pc-linux-gnu --target=arm-none-linux-gnueabi --enable-threads --disable-libmudflap --disable-libssp --disable-libstdcxx-pch --enable-extra-sgxxlite-multilibs --with-arch=armv5te --with-gnu-as --with-gnu-ld --with-specs='%{funwind-tables|fno-unwind-tables|mabi=*|ffreestanding|nostdlib:;:-funwind-tables} %{O2:%{!fno-remove-local-statics: -fremove-local-statics}} %{O*:%{O|O0|O1|O2|Os:;:%{!fno-remove-local-statics: -fremove-local-statics}}}' --enable-languages=c,c++ --enable-shared --disable-lto --enable-symvers=gnu --enable-__cxa_atexit --with-pkgversion='Sourcery G++ Lite 2010q1-202' --with-bugurl=https://support.codesourcery.com/GNUToolchain/ --disable-nls --prefix=/opt/codesourcery --with-sysroot=/opt/codesourcery/arm-none-linux-gnueabi/libc --with-build-sysroot=/scratch/julian/2010q1-release-linux-lite/install/arm-none-linux-gnueabi/libc --with-gmp=/scratch/julian/2010q1-release-linux-lite/obj/host-libs-2010q1-202-arm-none-linux-gnueabi-i686-pc-linux-gnu/usr --with-mpfr=/scratch/julian/2010q1-release-linux-lite/obj/host-libs-2010q1-202-arm-none-linux-gnueabi-i686-pc-linux-gnu/usr --with-ppl=/scratch/julian/2010q1-release-linux-lite/obj/host-libs-2010q1-202-arm-none-linux-gnueabi-i686-pc-linux-gnu/usr --with-host-libstdcxx='-static-libgcc -Wl,-Bstatic,-lstdc++,-Bdynamic -lm' --with-cloog=/scratch/julian/2010q1-release-linux-lite/obj/host-libs-2010q1-202-arm-none-linux-gnueabi-i686-pc-linux-gnu/usr --disable-libgomp --enable-poison-system-directories --with-build-time-tools=/scratch/julian/2010q1-release-linux-lite/install/arm-none-linux-gnueabi/bin --with-build-time-tools=/scratch/julian/2010q1-release-linux-lite/install/arm-none-linux-gnueabi/bin
Thread model: posix
gcc version 4.4.1 (Sourcery G++ Lite 2010q1-202) 
configure:4232: $? = 0
configure:4221: /opt/crosstool/arm-none-linux-gnueabi/bin/arm-none-linux-gnueabi-gcc -V >&5
arm-none-linux-gnueabi-gcc: '-V' option must have argument
configure:4232: $? = 1
configure:4221: /opt/crosstool/arm-none-linux-gnueabi/bin/arm-none-linux-gnueabi-gcc -qversion >&5
arm-none-linux-gnueabi-gcc: unrecognized option '-qversion'
arm-none-linux-gnueabi-gcc: no input files
configure:4232: $? = 1
configure:4251: checking whether the C compiler works
configure:4273: /opt/crosstool/arm-none-linux-gnueabi/bin/arm-none-linux-gnueabi-gcc  /opt/crosstool/arm-none-linux-gnueabi/arm-none-linux-gnueabi/libc/usr/include/ /opt/crosstool/arm-none-linux-gnueabi/arm-none-linux-gnueabi/libc/lib conftest.c  >&5
/opt/crosstool/arm-none-linux-gnueabi/arm-none-linux-gnueabi/libc/usr/include/: file not recognized: Is a directory
collect2: ld returned 1 exit status
configure:4277: $? = 1
configure:4315: result: no
configure: failed program was:
| /* confdefs.h */
| #define PACKAGE_NAME "curl"
| #define PACKAGE_TARNAME "curl"
| #define PACKAGE_VERSION "-"
| #define PACKAGE_STRING "curl -"
| #define PACKAGE_BUGREPORT "a suitable curl mailing list: https://curl.haxx.se/mail/"
| #define PACKAGE_URL ""
| /* end confdefs.h.  */
| 
| int main (void)
| {
| 
|  ;
|  return 0;
| }
configure:4320: error: in `/home/viki/owasys/owasys_3X_V1_dependencies/src/curl-7.63.0':
configure:4322: error: C compiler cannot create executables
See `config.log' for more details

## ---------------- ##
## Cache variables. ##
## ---------------- ##

ac_cv_env_CC_set=set
ac_cv_env_CC_value=/opt/crosstool/arm-none-linux-gnueabi/bin/arm-none-linux-gnueabi-gcc
ac_cv_env_CFLAGS_set=
ac_cv_env_CFLAGS_value=
ac_cv_env_CPPFLAGS_set=set
ac_cv_env_CPPFLAGS_value=/opt/crosstool/arm-none-linux-gnueabi/arm-none-linux-gnueabi/libc/usr/include/
ac_cv_env_CPP_set=
ac_cv_env_CPP_value=
ac_cv_env_LDFLAGS_set=set
ac_cv_env_LDFLAGS_value=/opt/crosstool/arm-none-linux-gnueabi/arm-none-linux-gnueabi/libc/lib
ac_cv_env_LIBS_set=
ac_cv_env_LIBS_value=
ac_cv_env_LT_SYS_LIBRARY_PATH_set=
ac_cv_env_LT_SYS_LIBRARY_PATH_value=
ac_cv_env_build_alias_set=set
ac_cv_env_build_alias_value=i586-pc-linux-gnu
ac_cv_env_host_alias_set=set
ac_cv_env_host_alias_value=/opt/crosstool/arm-none-linux-gnueabi/bin/arm-none-linux-gnueabi
ac_cv_env_target_alias_set=set
ac_cv_env_target_alias_value=/opt/crosstool/arm-none-linux-gnueabi/bin/arm-none-linux-gnueabi
ac_cv_path_GREP=/bin/grep
ac_cv_path_SED=/bin/sed
ac_cv_path_install='/usr/bin/install -c'
ac_cv_prog_CC=/opt/crosstool/arm-none-linux-gnueabi/bin/arm-none-linux-gnueabi-gcc
am_cv_make_support_nested_variables=yes

## ----------------- ##
## Output variables. ##
## ----------------- ##

ACLOCAL=''
AMDEPBACKSLASH=''
AMDEP_FALSE=''
AMDEP_TRUE=''
AMTAR=''
AM_BACKSLASH='\'
AM_DEFAULT_V='$(AM_DEFAULT_VERBOSITY)'
AM_DEFAULT_VERBOSITY='0'
AM_V='$(V)'
AR='/opt/crosstool/arm-none-linux-gnueabi/bin/arm-none-linux-gnueabi-ar'
AR_FLAGS=''
AS='/opt/crosstool/arm-none-linux-gnueabi/bin/arm-none-linux-gnueabi-as'
AUTOCONF=''
AUTOHEADER=''
AUTOMAKE=''
AWK=''
BLANK_AT_MAKETIME=''
BUILD_LIBHOSTNAME_FALSE=''
BUILD_LIBHOSTNAME_TRUE=''
BUILD_STUB_GSS_FALSE=''
BUILD_STUB_GSS_TRUE=''
BUILD_UNITTESTS_FALSE=''
BUILD_UNITTESTS_TRUE=''
CC='/opt/crosstool/arm-none-linux-gnueabi/bin/arm-none-linux-gnueabi-gcc'
CCDEPMODE=''
CFLAGS=''
CFLAG_CURL_SYMBOL_HIDING=''
CODE_COVERAGE_CFLAGS=''
CODE_COVERAGE_CPPFLAGS=''
CODE_COVERAGE_CXXFLAGS=''
CODE_COVERAGE_ENABLED=''
CODE_COVERAGE_ENABLED_FALSE=''
CODE_COVERAGE_ENABLED_TRUE=''
CODE_COVERAGE_LDFLAGS=''
CODE_COVERAGE_LIBS=''
CODE_COVERAGE_RULES=''
CONFIGURE_OPTIONS='" '\''--prefix=/home/viki/curl-for-owa3x/'\'' '\''--target=/opt/crosstool/arm-none-linux-gnueabi/bin/arm-none-linux-gnueabi'\'' '\''--host=/opt/crosstool/arm-none-linux-gnueabi/bin/arm-none-linux-gnueabi'\'' '\''--build=i586-pc-linux-gnu'\'' '\''--enable-threaded-resolver'\'' '\''--with-ca-fallback'\'' '\''--disable-gopher'\'' '\''--without-winssl'\'' '\''--without-darwinssl'\'' '\''--disable-manual'\'' '\''build_alias=i586-pc-linux-gnu'\'' '\''host_alias=/opt/crosstool/arm-none-linux-gnueabi/bin/arm-none-linux-gnueabi'\'' '\''target_alias=/opt/crosstool/arm-none-linux-gnueabi/bin/arm-none-linux-gnueabi'\'' '\''CC=/opt/crosstool/arm-none-linux-gnueabi/bin/arm-none-linux-gnueabi-gcc'\'' '\''LDFLAGS=/opt/crosstool/arm-none-linux-gnueabi/arm-none-linux-gnueabi/libc/lib'\'' '\''CPPFLAGS=/opt/crosstool/arm-none-linux-gnueabi/arm-none-linux-gnueabi/libc/usr/include/'\''"'
CPP=''
CPPFLAGS='/opt/crosstool/arm-none-linux-gnueabi/arm-none-linux-gnueabi/libc/usr/include/'
CPPFLAG_CURL_STATICLIB=''
CROSSCOMPILING_FALSE=''
CROSSCOMPILING_TRUE=''
CURLDEBUG_FALSE=''
CURLDEBUG_TRUE=''
CURLVERSION='7.63.0'
CURL_CA_BUNDLE=''
CURL_CFLAG_EXTRAS=''
CURL_DISABLE_DICT=''
CURL_DISABLE_FILE=''
CURL_DISABLE_FTP=''
CURL_DISABLE_GOPHER=''
CURL_DISABLE_HTTP=''
CURL_DISABLE_IMAP=''
CURL_DISABLE_LDAP=''
CURL_DISABLE_LDAPS=''
CURL_DISABLE_POP3=''
CURL_DISABLE_PROXY=''
CURL_DISABLE_RTSP=''
CURL_DISABLE_SMB=''
CURL_DISABLE_SMTP=''
CURL_DISABLE_TELNET=''
CURL_DISABLE_TFTP=''
CURL_LT_SHLIB_USE_MIMPURE_TEXT_FALSE=''
CURL_LT_SHLIB_USE_MIMPURE_TEXT_TRUE=''
CURL_LT_SHLIB_USE_NO_UNDEFINED_FALSE=''
CURL_LT_SHLIB_USE_NO_UNDEFINED_TRUE=''
CURL_LT_SHLIB_USE_VERSIONED_SYMBOLS_FALSE=''
CURL_LT_SHLIB_USE_VERSIONED_SYMBOLS_TRUE=''
CURL_LT_SHLIB_USE_VERSION_INFO_FALSE=''
CURL_LT_SHLIB_USE_VERSION_INFO_TRUE=''
CURL_LT_SHLIB_VERSIONED_FLAVOUR=''
CURL_NETWORK_AND_TIME_LIBS=''
CURL_NETWORK_LIBS=''
CURL_WITH_MULTI_SSL=''
CYGPATH_W=''
DEFAULT_SSL_BACKEND=''
DEFS=''
DEPDIR=''
DLLTOOL=''
DOING_CURL_SYMBOL_HIDING_FALSE=''
DOING_CURL_SYMBOL_HIDING_TRUE=''
DOING_NATIVE_WINDOWS_FALSE=''
DOING_NATIVE_WINDOWS_TRUE=''
DSYMUTIL=''
DUMPBIN=''
ECHO_C=''
ECHO_N='-n'
ECHO_T=''
EGREP='/bin/grep -E'
ENABLE_SHARED=''
ENABLE_STATIC=''
EXEEXT=''
FGREP=''
GCOV=''
GENHTML=''
GREP='/bin/grep'
HAVE_BROTLI=''
HAVE_GNUTLS_SRP=''
HAVE_LDAP_SSL=''
HAVE_LIBZ=''
HAVE_LIBZ_FALSE=''
HAVE_LIBZ_TRUE=''
HAVE_OPENSSL_SRP=''
IDN_ENABLED=''
INSTALL_DATA='${INSTALL} -m 644'
INSTALL_PROGRAM='${INSTALL}'
INSTALL_SCRIPT='${INSTALL}'
INSTALL_STRIP_PROGRAM=''
IPV6_ENABLED=''
LCOV=''
LD='/opt/crosstool/arm-none-linux-gnueabi/bin/arm-none-linux-gnueabi-ld'
LDFLAGS='/opt/crosstool/arm-none-linux-gnueabi/arm-none-linux-gnueabi/libc/lib'
LIBCURL_LIBS=''
LIBMETALINK_CPPFLAGS=''
LIBMETALINK_LDFLAGS=''
LIBMETALINK_LIBS=''
LIBOBJS=''
LIBS=''
LIBTOOL=''
LIPO=''
LN_S=''
LTLIBOBJS=''
LT_SYS_LIBRARY_PATH=''
MAINT='#'
MAINTAINER_MODE_FALSE=''
MAINTAINER_MODE_TRUE='#'
MAKEINFO=''
MANIFEST_TOOL=''
MANOPT=''
MKDIR_P=''
NM='/opt/crosstool/arm-none-linux-gnueabi/bin/arm-none-linux-gnueabi-nm'
NMEDIT=''
NROFF=''
NSS_LIBS=''
OBJDUMP=''
OBJEXT=''
OTOOL64=''
OTOOL=''
PACKAGE=''
PACKAGE_BUGREPORT='a suitable curl mailing list: https://curl.haxx.se/mail/'
PACKAGE_NAME='curl'
PACKAGE_STRING='curl -'
PACKAGE_TARNAME='curl'
PACKAGE_URL=''
PACKAGE_VERSION='-'
PATH_SEPARATOR=':'
PERL=''
PKGADD_NAME=''
PKGADD_PKG=''
PKGADD_VENDOR=''
PKGCONFIG=''
RANDOM_FILE=''
RANLIB='/opt/crosstool/arm-none-linux-gnueabi/bin/arm-none-linux-gnueabi-ranlib'
REQUIRE_LIB_DEPS=''
SED='/bin/sed'
SET_MAKE=''
SHELL='/bin/bash'
SSL_BACKENDS=''
SSL_ENABLED=''
SSL_LIBS=''
STRIP=''
SUPPORT_FEATURES=''
SUPPORT_PROTOCOLS=''
USE_ARES=''
USE_CPPFLAG_CURL_STATICLIB_FALSE=''
USE_CPPFLAG_CURL_STATICLIB_TRUE=''
USE_CYASSL=''
USE_DARWINSSL=''
USE_EMBEDDED_ARES_FALSE=''
USE_EMBEDDED_ARES_TRUE=''
USE_EXPLICIT_LIB_DEPS_FALSE=''
USE_EXPLICIT_LIB_DEPS_TRUE=''
USE_GNUTLS=''
USE_GNUTLS_NETTLE=''
USE_LIBPSL_FALSE=''
USE_LIBPSL_TRUE=''
USE_LIBRTMP=''
USE_LIBSSH2=''
USE_LIBSSH=''
USE_MANUAL_FALSE=''
USE_MANUAL_TRUE=''
USE_MBEDTLS=''
USE_MESALINK=''
USE_NGHTTP2=''
USE_NSS=''
USE_OPENLDAP=''
USE_POLARSSL=''
USE_SCHANNEL=''
USE_UNIX_SOCKETS=''
USE_WINDOWS_SSPI=''
VERSION=''
VERSIONNUM=''
ZLIB_LIBS=''
ZSH_FUNCTIONS_DIR=''
ac_ct_AR=''
ac_ct_CC=''
ac_ct_DUMPBIN=''
am__EXEEXT_FALSE=''
am__EXEEXT_TRUE=''
am__fastdepCC_FALSE=''
am__fastdepCC_TRUE=''
am__include=''
am__isrc=''
am__leading_dot=''
am__nodep=''
am__quote=''
am__tar=''
am__untar=''
bindir='${exec_prefix}/bin'
build='i586-pc-linux-gnu'
build_alias='i586-pc-linux-gnu'
build_cpu=''
build_os=''
build_vendor=''
datadir='${datarootdir}'
datarootdir='${prefix}/share'
docdir='${datarootdir}/doc/${PACKAGE_TARNAME}'
dvidir='${docdir}'
exec_prefix='NONE'
host='/opt/crosstool/arm-none-linux-gnueabi/bin/arm-none-linux-gnueabi'
host_alias='/opt/crosstool/arm-none-linux-gnueabi/bin/arm-none-linux-gnueabi'
host_cpu=''
host_os=''
host_vendor=''
htmldir='${docdir}'
includedir='${prefix}/include'
infodir='${datarootdir}/info'
install_sh=''
libdir='${exec_prefix}/lib'
libexecdir='${exec_prefix}/libexec'
libext=''
localedir='${datarootdir}/locale'
localstatedir='${prefix}/var'
mandir='${datarootdir}/man'
mkdir_p=''
oldincludedir='/usr/include'
pdfdir='${docdir}'
prefix='/home/viki/curl-for-owa3x'
program_transform_name='s,x,x,'
psdir='${docdir}'
runstatedir='${localstatedir}/run'
sbindir='${exec_prefix}/sbin'
sharedstatedir='${prefix}/com'
subdirs=''
sysconfdir='${prefix}/etc'
target_alias='/opt/crosstool/arm-none-linux-gnueabi/bin/arm-none-linux-gnueabi'

## ----------- ##
## confdefs.h. ##
## ----------- ##

/* confdefs.h */
#define PACKAGE_NAME "curl"
#define PACKAGE_TARNAME "curl"
#define PACKAGE_VERSION "-"
#define PACKAGE_STRING "curl -"
#define PACKAGE_BUGREPORT "a suitable curl mailing list: https://curl.haxx.se/mail/"
#define PACKAGE_URL ""

configure: exit 77
